re-sdk-bundle/build/outputs/mapping/single/seeds.txt
kotlin.reflect.KVisibility: kotlin.reflect.KVisibility[] values()
kotlin.LazyThreadSafetyMode: kotlin.LazyThreadSafetyMode[] values()
kotlinx.coroutines.channels.BufferOverflow: kotlinx.coroutines.channels.BufferOverflow[] values()
androidx.privacysandbox.sdkruntime.core.internal.ClientApiVersion: androidx.privacysandbox.sdkruntime.core.internal.ClientApiVersion[] values()
androidx.core.graphics.BlendModeCompat: androidx.core.graphics.BlendModeCompat[] values()
androidx.concurrent.futures.DirectExecutor: androidx.concurrent.futures.DirectExecutor[] values()
androidx.annotation.experimental.Experimental$Level: androidx.annotation.experimental.Experimental$Level[] values()
org.jetbrains.annotations.Nls$Capitalization: org.jetbrains.annotations.Nls$Capitalization[] values()
kotlin.reflect.KVariance: kotlin.reflect.KVariance[] values()
kotlin.internal.jdk8.JDK8PlatformImplementations: JDK8PlatformImplementations()
kotlin.time.DurationUnit: kotlin.time.DurationUnit[] values()
kotlinx.coroutines.android.AndroidExceptionPreHandler: AndroidExceptionPreHandler()
androidx.profileinstaller.FileSectionType: androidx.profileinstaller.FileSectionType[] values()
kotlin.collections.AbstractList: AbstractList()
kotlin.RequiresOptIn$Level: kotlin.RequiresOptIn$Level[] values()
kotlin.io.path.PathWalkOption: kotlin.io.path.PathWalkOption[] values()
kotlinx.coroutines.android.AndroidDispatcherFactory: AndroidDispatcherFactory()
kotlin.collections.builders.SerializedMap: SerializedMap()
kotlin.collections.AbstractMutableList: AbstractMutableList()
kotlin.io.path.OnErrorResult: kotlin.io.path.OnErrorResult[] values()
kotlinx.coroutines.selects.TrySelectDetailedResult: kotlinx.coroutines.selects.TrySelectDetailedResult[] values()
kotlin.io.OnErrorAction: kotlin.io.OnErrorAction[] values()
androidx.annotation.RestrictTo$Scope: androidx.annotation.RestrictTo$Scope[] values()
androidx.lifecycle.Lifecycle$State: androidx.lifecycle.Lifecycle$State[] values()
kotlin.collections.AbstractMutableSet: AbstractMutableSet()
kotlin.random.Random: Random()
kotlin.annotation.AnnotationRetention: kotlin.annotation.AnnotationRetention[] values()
kotlin.internal.RequireKotlinVersionKind: kotlin.internal.RequireKotlinVersionKind[] values()
kotlinx.coroutines.CoroutineStart: kotlinx.coroutines.CoroutineStart[] values()
kotlin.io.path.CopyActionResult: kotlin.io.path.CopyActionResult[] values()
kotlin.text.CharCategory: kotlin.text.CharCategory[] values()
kotlinx.coroutines.flow.SharingCommand: kotlinx.coroutines.flow.SharingCommand[] values()
androidx.annotation.InspectableProperty$ValueType: androidx.annotation.InspectableProperty$ValueType[] values()
kotlin.collections.builders.SerializedCollection: SerializedCollection()
kotlinx.coroutines.scheduling.CoroutineScheduler$WorkerState: kotlinx.coroutines.scheduling.CoroutineScheduler$WorkerState[] values()
androidx.annotation.RequiresOptIn$Level: androidx.annotation.RequiresOptIn$Level[] values()
kotlin.coroutines.intrinsics.CoroutineSingletons: kotlin.coroutines.intrinsics.CoroutineSingletons[] values()
kotlin.collections.State: kotlin.collections.State[] values()
kotlin.reflect.KParameter$Kind: kotlin.reflect.KParameter$Kind[] values()
kotlinx.coroutines.channels.TickerMode: kotlinx.coroutines.channels.TickerMode[] values()
kotlin.DeprecationLevel: kotlin.DeprecationLevel[] values()
kotlin.text.RegexOption: kotlin.text.RegexOption[] values()
kotlin.annotation.AnnotationTarget: kotlin.annotation.AnnotationTarget[] values()
androidx.privacysandbox.sdkruntime.core.internal.ClientFeature: androidx.privacysandbox.sdkruntime.core.internal.ClientFeature[] values()
kotlin.internal.jdk7.JDK7PlatformImplementations: JDK7PlatformImplementations()
kotlin.random.AbstractPlatformRandom: AbstractPlatformRandom()
kotlin.io.FileWalkDirection: kotlin.io.FileWalkDirection[] values()
kotlin.contracts.InvocationKind: kotlin.contracts.InvocationKind[] values()
kotlin.text.CharDirectionality: kotlin.text.CharDirectionality[] values()